{
    "_id": "tree:0",
    "_rev": "141-61243ecda5631036677c9ab46a7645f1",
    "id": "0",
    "title": "Root1",
    "nodes": [
        {
            "id": "0.1.1",
            "title": "Whisper Cue",
            "nodes": [
                {
                    "id": "0.1.1.1",
                    "title": "Next",
                    "nodes": [
                        {
                            "id": "0.1.1.1.1.1",
                            "title": "Whisper Cue",
                            "nodes": [
                                {
                                    "id": "0.1.1.1.1.1.1.1",
                                    "title": "Whisper Cue",
                                    "nodes": [
                                        {
                                            "id": "0.1.1.1.1.1.1.1.1",
                                            "title": "Next",
                                            "nodes": [
                                                {
                                                    "id": "0.1.1.1.1.1.1.1.1.1",
                                                    "title": "Next Screen",
                                                    "nodes": [
                                                        {
                                                            "id": "0.1.1.1.1.1.1.1.1.1.1",
                                                            "title": "Next Screen",
                                                            "nodes": [
                                                                {
                                                                    "id": "0.1.1.1.1.1.1.1.1.1.1.1",
                                                                    "title": "Next Screen",
                                                                    "nodes": [
                                                                        {
                                                                            "id": "0.1.1.1.1.1.1.1.1.1.1.1.1.1",
                                                                            "title": "Whisper Cue",
                                                                            "nodes": [
                                                                                {
                                                                                    "id": "0.1.1.1.1.1.1.1.1.1.1.1.1.1.1.1",
                                                                                    "title": "Whisper Cue",
                                                                                    "nodes": [
                                                                                        {
                                                                                            "id": "0.1.1.1.1.1.1.1.1.1.1.1.1.1.1.1.1.1",
                                                                                            "title": "Whisper Cue",
                                                                                            "nodes": [
                                                                                                {
                                                                                                    "id": "0.1.1.1.1.1.1.1.1.1.1.1.1.1.1.1.1.1.1.1",
                                                                                                    "title": "Whisper Cue",
                                                                                                    "nodes": [
                                                                                                        {
                                                                                                            "id": "0.1.1.1.1.1.1.1.1.1.1.1.1.1.1.1.1.1.1.1.1.1",
                                                                                                            "title": "Whisper Cue",
                                                                                                            "nodes": [
                                                                                                                {
                                                                                                                    "id": "0.1.1.1.1.1.1.1.1.1.1.1.1.1.1.1.1.1.1.1.1.1.1",
                                                                                                                    "title": "Next",
                                                                                                                    "nodes": [
                                                                                                                        {
                                                                                                                            "id": "0.1.1.1.1.1.1.1.1.1.1.1.1.1.1.1.1.1.1.1.1.1.1.1",
                                                                                                                            "title": "",
                                                                                                                            "nodes": [
                                                                                                                                {
                                                                                                                                    "id": "0.1.1.1.1.1.1.1.1.1.1.1.1.1.1.1.1.1.1.1.1.1.1.1.1",
                                                                                                                                    "title": "A mountain keeps an echo deep inside.",
                                                                                                                                    "nodes": [
                                                                                                                                        {
                                                                                                                                            "id": "0.1.1.1.1.1.1.1.1.1.1.1.1.1.1.1.1.1.1.1.1.1.1.1.1.1.1",
                                                                                                                                            "title": "Whisper Cue",
                                                                                                                                            "nodes": [
                                                                                                                                                {
                                                                                                                                                    "id": "0.1.1.1.1.1.1.1.1.1.1.1.1.1.1.1.1.1.1.1.1.1.1.1.1.1.1.1",
                                                                                                                                                    "title": "Next",
                                                                                                                                                    "nodes": [
                                                                                                                                                        {
                                                                                                                                                            "id": "0.1.1.1.1.1.1.1.1.1.1.1.1.1.1.1.1.1.1.1.1.1.1.1.1.1.1.1.1",
                                                                                                                                                            "title": "Whatever tests you is the right path. Follow it.",
                                                                                                                                                            "nodes": [
                                                                                                                                                                {
                                                                                                                                                                    "id": "0.1.1.1.1.1.1.1.1.1.1.1.1.1.1.1.1.1.1.1.1.1.1.1.1.1.1.1.1.1",
                                                                                                                                                                    "title": "",
                                                                                                                                                                    "nodes": [
                                                                                                                                                                        {
                                                                                                                                                                            "id": "0.1.1.1.1.1.1.1.1.1.1.1.1.1.1.1.1.1.1.1.1.1.1.1.1.1.1.1.1.1.1",
                                                                                                                                                                            "title": "",
                                                                                                                                                                            "nodes": [
                                                                                                                                                                                {
                                                                                                                                                                                    "id": "0.1.1.1.1.1.1.1.1.1.1.1.1.1.1.1.1.1.1.1.1.1.1.1.1.1.1.1.1.1.1.1",
                                                                                                                                                                                    "title": "Next Screen",
                                                                                                                                                                                    "nodes": []
                                                                                                                                                                                }
                                                                                                                                                                            ],
                                                                                                                                                                            "cue": "event:hudblankscreen",
                                                                                                                                                                            "cueName": "HUD Blank Screen"
                                                                                                                                                                        }
                                                                                                                                                                    ],
                                                                                                                                                                    "cue": "event:high-priestess-secession-smiting",
                                                                                                                                                                    "cueName": "[added] High Priestess Secession Smiting"
                                                                                                                                                                }
                                                                                                                                                            ],
                                                                                                                                                            "cue": "event:high-priestess-secession1",
                                                                                                                                                            "cueName": "[Missing] High Priestess Secession 1"
                                                                                                                                                        },
                                                                                                                                                        {
                                                                                                                                                            "id": "0.1.1.1.1.1.1.1.1.1.1.1.1.1.1.1.1.1.1.1.1.1.1.1.1.1.1.1.2",
                                                                                                                                                            "title": "Although you cannot see the pit, you must avoid it.",
                                                                                                                                                            "nodes": [
                                                                                                                                                                {
                                                                                                                                                                    "id": "0.1.1.1.1.1.1.1.1.1.1.1.1.1.1.1.1.1.1.1.1.1.1.1.1.1.1.1.2.1",
                                                                                                                                                                    "title": "",
                                                                                                                                                                    "nodes": [
                                                                                                                                                                        {
                                                                                                                                                                            "id": "0.1.1.1.1.1.1.1.1.1.1.1.1.1.1.1.1.1.1.1.1.1.1.1.1.1.1.1.2.1.1",
                                                                                                                                                                            "title": "",
                                                                                                                                                                            "nodes": [
                                                                                                                                                                                {
                                                                                                                                                                                    "id": "0.1.1.1.1.1.1.1.1.1.1.1.1.1.1.1.1.1.1.1.1.1.1.1.1.1.1.1.2.1.1.1",
                                                                                                                                                                                    "title": "Next Screen",
                                                                                                                                                                                    "nodes": []
                                                                                                                                                                                }
                                                                                                                                                                            ],
                                                                                                                                                                            "cue": "event:hudblankscreen",
                                                                                                                                                                            "cueName": "HUD Blank Screen"
                                                                                                                                                                        }
                                                                                                                                                                    ],
                                                                                                                                                                    "cue": "event:high-priestess-secession-smiting",
                                                                                                                                                                    "cueName": "[added] High Priestess Secession Smiting"
                                                                                                                                                                }
                                                                                                                                                            ],
                                                                                                                                                            "cue": "event:high-priestess-secession1",
                                                                                                                                                            "cueName": "[Missing] High Priestess Secession 1"
                                                                                                                                                        },
                                                                                                                                                        {
                                                                                                                                                            "id": "0.1.1.1.1.1.1.1.1.1.1.1.1.1.1.1.1.1.1.1.1.1.1.1.1.1.1.1.3",
                                                                                                                                                            "title": "Sometimes other pastures are truly greener.",
                                                                                                                                                            "nodes": [
                                                                                                                                                                {
                                                                                                                                                                    "id": "0.1.1.1.1.1.1.1.1.1.1.1.1.1.1.1.1.1.1.1.1.1.1.1.1.1.1.1.3.1",
                                                                                                                                                                    "title": "",
                                                                                                                                                                    "nodes": [
                                                                                                                                                                        {
                                                                                                                                                                            "id": "0.1.1.1.1.1.1.1.1.1.1.1.1.1.1.1.1.1.1.1.1.1.1.1.1.1.1.1.3.1.1",
                                                                                                                                                                            "title": "",
                                                                                                                                                                            "nodes": [
                                                                                                                                                                                {
                                                                                                                                                                                    "id": "0.1.1.1.1.1.1.1.1.1.1.1.1.1.1.1.1.1.1.1.1.1.1.1.1.1.1.1.3.1.1.1",
                                                                                                                                                                                    "title": "Next Screen",
                                                                                                                                                                                    "nodes": []
                                                                                                                                                                                }
                                                                                                                                                                            ],
                                                                                                                                                                            "cue": "event:hudblankscreen",
                                                                                                                                                                            "cueName": "HUD Blank Screen"
                                                                                                                                                                        }
                                                                                                                                                                    ],
                                                                                                                                                                    "cue": "event:high-priestess-secession-smiting",
                                                                                                                                                                    "cueName": "[added] High Priestess Secession Smiting"
                                                                                                                                                                }
                                                                                                                                                            ],
                                                                                                                                                            "cue": "event:high-priestess-secession1",
                                                                                                                                                            "cueName": "[Missing] High Priestess Secession 1"
                                                                                                                                                        }
                                                                                                                                                    ],
                                                                                                                                                    "cue": "event:orestes-a1",
                                                                                                                                                    "cueName": "Oracle: Orestes A1",
                                                                                                                                                    "voting": true
                                                                                                                                                }
                                                                                                                                            ],
                                                                                                                                            "cue": "event:scenea1-whisper1",
                                                                                                                                            "cueName": "Scene A1: Whisper 1",
                                                                                                                                            "voting": true
                                                                                                                                        }
                                                                                                                                    ],
                                                                                                                                    "cue": "event:electra-4a",
                                                                                                                                    "cueName": "Oracle: Electra 4A",
                                                                                                                                    "voting": true
                                                                                                                                },
                                                                                                                                {
                                                                                                                                    "id": "0.1.1.1.1.1.1.1.1.1.1.1.1.1.1.1.1.1.1.1.1.1.1.1.2",
                                                                                                                                    "title": "Every flower blooms in its own time.",
                                                                                                                                    "nodes": [
                                                                                                                                        {
                                                                                                                                            "id": "0.1.1.1.1.1.1.1.1.1.1.1.1.1.1.1.1.1.1.1.1.1.1.1.2.1.1",
                                                                                                                                            "title": "Whisper Cue",
                                                                                                                                            "nodes": [
                                                                                                                                                {
                                                                                                                                                    "id": "0.1.1.1.1.1.1.1.1.1.1.1.1.1.1.1.1.1.1.1.1.1.1.1.2.1.1.1",
                                                                                                                                                    "title": "Next",
                                                                                                                                                    "nodes": [
                                                                                                                                                        {
                                                                                                                                                            "id": "0.1.1.1.1.1.1.1.1.1.1.1.1.1.1.1.1.1.1.1.1.1.1.1.2.1.1.1.1",
                                                                                                                                                            "title": "Whatever tests you is the right path. Follow it.",
                                                                                                                                                            "nodes": [
                                                                                                                                                                {
                                                                                                                                                                    "id": "0.1.1.1.1.1.1.1.1.1.1.1.1.1.1.1.1.1.1.1.1.1.1.1.2.1.1.1.1.1",
                                                                                                                                                                    "title": "",
                                                                                                                                                                    "nodes": [
                                                                                                                                                                        {
                                                                                                                                                                            "id": "0.1.1.1.1.1.1.1.1.1.1.1.1.1.1.1.1.1.1.1.1.1.1.1.2.1.1.1.1.1.1",
                                                                                                                                                                            "title": "Next Screen",
                                                                                                                                                                            "nodes": []
                                                                                                                                                                        }
                                                                                                                                                                    ],
                                                                                                                                                                    "cue": "event:hudblankscreen",
                                                                                                                                                                    "cueName": "HUD Blank Screen"
                                                                                                                                                                }
                                                                                                                                                            ],
                                                                                                                                                            "cue": "event:high-priestess-secession1",
                                                                                                                                                            "cueName": "[Missing] High Priestess Secession 1"
                                                                                                                                                        },
                                                                                                                                                        {
                                                                                                                                                            "id": "0.1.1.1.1.1.1.1.1.1.1.1.1.1.1.1.1.1.1.1.1.1.1.1.2.1.1.1.2",
                                                                                                                                                            "title": "Although you cannot see the pit, you must avoid it.",
                                                                                                                                                            "nodes": [
                                                                                                                                                                {
                                                                                                                                                                    "id": "0.1.1.1.1.1.1.1.1.1.1.1.1.1.1.1.1.1.1.1.1.1.1.1.2.1.1.1.2.1",
                                                                                                                                                                    "title": "",
                                                                                                                                                                    "nodes": [
                                                                                                                                                                        {
                                                                                                                                                                            "id": "0.1.1.1.1.1.1.1.1.1.1.1.1.1.1.1.1.1.1.1.1.1.1.1.2.1.1.1.2.1.1",
                                                                                                                                                                            "title": "",
                                                                                                                                                                            "nodes": [
                                                                                                                                                                                {
                                                                                                                                                                                    "id": "0.1.1.1.1.1.1.1.1.1.1.1.1.1.1.1.1.1.1.1.1.1.1.1.2.1.1.1.2.1.1.1",
                                                                                                                                                                                    "title": "Next Screen",
                                                                                                                                                                                    "nodes": []
                                                                                                                                                                                }
                                                                                                                                                                            ],
                                                                                                                                                                            "cue": "event:hudblankscreen",
                                                                                                                                                                            "cueName": "HUD Blank Screen"
                                                                                                                                                                        }
                                                                                                                                                                    ],
                                                                                                                                                                    "cue": "event:high-priestess-secession-smiting",
                                                                                                                                                                    "cueName": "[added] High Priestess Secession Smiting"
                                                                                                                                                                }
                                                                                                                                                            ],
                                                                                                                                                            "cue": "event:high-priestess-secession1",
                                                                                                                                                            "cueName": "[Missing] High Priestess Secession 1"
                                                                                                                                                        },
                                                                                                                                                        {
                                                                                                                                                            "id": "0.1.1.1.1.1.1.1.1.1.1.1.1.1.1.1.1.1.1.1.1.1.1.1.2.1.1.1.3",
                                                                                                                                                            "title": "Sometimes other pastures are truly greener.",
                                                                                                                                                            "nodes": [
                                                                                                                                                                {
                                                                                                                                                                    "id": "0.1.1.1.1.1.1.1.1.1.1.1.1.1.1.1.1.1.1.1.1.1.1.1.2.1.1.1.3.1",
                                                                                                                                                                    "title": "",
                                                                                                                                                                    "nodes": [
                                                                                                                                                                        {
                                                                                                                                                                            "id": "0.1.1.1.1.1.1.1.1.1.1.1.1.1.1.1.1.1.1.1.1.1.1.1.2.1.1.1.3.1.1",
                                                                                                                                                                            "title": "",
                                                                                                                                                                            "nodes": [
                                                                                                                                                                                {
                                                                                                                                                                                    "id": "0.1.1.1.1.1.1.1.1.1.1.1.1.1.1.1.1.1.1.1.1.1.1.1.2.1.1.1.3.1.1.1",
                                                                                                                                                                                    "title": "Next Screen",
                                                                                                                                                                                    "nodes": []
                                                                                                                                                                                }
                                                                                                                                                                            ],
                                                                                                                                                                            "cue": "event:hudblankscreen",
                                                                                                                                                                            "cueName": "HUD Blank Screen"
                                                                                                                                                                        }
                                                                                                                                                                    ],
                                                                                                                                                                    "cue": "event:high-priestess-secession-smiting",
                                                                                                                                                                    "cueName": "[added] High Priestess Secession Smiting"
                                                                                                                                                                }
                                                                                                                                                            ],
                                                                                                                                                            "cue": "event:high-priestess-secession1",
                                                                                                                                                            "cueName": "[Missing] High Priestess Secession 1"
                                                                                                                                                        }
                                                                                                                                                    ],
                                                                                                                                                    "cue": "event:orestes-a1",
                                                                                                                                                    "cueName": "Oracle: Orestes A1",
                                                                                                                                                    "voting": true
                                                                                                                                                }
                                                                                                                                            ],
                                                                                                                                            "cue": "event:scenea1-whisper1",
                                                                                                                                            "cueName": "Scene A1: Whisper 1",
                                                                                                                                            "voting": true
                                                                                                                                        }
                                                                                                                                    ],
                                                                                                                                    "cue": "event:electra-4a",
                                                                                                                                    "cueName": "Oracle: Electra 4A",
                                                                                                                                    "voting": true
                                                                                                                                }
                                                                                                                            ],
                                                                                                                            "cue": "event:electra-3a",
                                                                                                                            "cueName": "Oracle: Electra 3A",
                                                                                                                            "voting": true
                                                                                                                        }
                                                                                                                    ],
                                                                                                                    "cue": "event:high-priestess-electra-a1",
                                                                                                                    "cueName": "[added] High Priestess Electra A1"
                                                                                                                }
                                                                                                            ],
                                                                                                            "cue": "event:scene-a-whisper-2",
                                                                                                            "cueName": "Scene A: Whisper 2",
                                                                                                            "voting": true
                                                                                                        }
                                                                                                    ],
                                                                                                    "cue": "event:scene-a-whisper-1",
                                                                                                    "cueName": "Scene A: Whisper 1",
                                                                                                    "voting": true
                                                                                                }
                                                                                            ],
                                                                                            "cue": "event:whisper-6",
                                                                                            "cueName": "Beginning: Whisper 6 p 28",
                                                                                            "voting": true
                                                                                        }
                                                                                    ],
                                                                                    "cue": "event:whisper-5",
                                                                                    "cueName": "Beginning: Whisper 5 p 24",
                                                                                    "voting": true
                                                                                }
                                                                            ],
                                                                            "cue": "event:whisper-4",
                                                                            "cueName": "Beginning: Whisper 4 p20",
                                                                            "voting": true
                                                                        }
                                                                    ],
                                                                    "cue": "event:clytemnestra",
                                                                    "cueName": "Oracle: Clytemnestra",
                                                                    "voting": true
                                                                }
                                                            ],
                                                            "cue": "event:HP_Pg19_ClytDialog",
                                                            "cueName": "HP_Pg19_ClytDialog"
                                                        }
                                                    ],
                                                    "cue": "event:HP_Pg17_ClytDialog2",
                                                    "cueName": "HP_Pg17_ClytDialog2"
                                                }
                                            ],
                                            "cue": "event:HP_Pg17_ClytDialog",
                                            "cueName": "HP_Pg17_ClytDialog"
                                        }
                                    ],
                                    "cue": "event:whisper-3",
                                    "cueName": "Beginning: Whisper 3 pg 14",
                                    "voting": true
                                }
                            ],
                            "cue": "event:whisper-2",
                            "cueName": "Beginning: Whisper 2 Pg 11",
                            "voting": true
                        }
                    ],
                    "cue": "event:zeustemplate",
                    "cueName": "Oracle: Zeus Training",
                    "voting": true
                }
            ],
            "cue": "event:whisper-1",
            "cueName": "Beginning: Zeus Whisper",
            "voting": true
        }
    ],
    "cue": "event:hudblankscreen",
    "cueName": "HUD Blank Screen",
    "type": "tree"
}